\BOOKMARK [1][-]{section.1}{ d}{}% 1
\BOOKMARK [1][-]{section.2}{Types de recherche}{}% 2
\BOOKMARK [1][-]{section.3}{Generer de nouvelles id\351es}{}% 3
\BOOKMARK [2][-]{subsection.3.1}{Penser}{section.3}% 4
\BOOKMARK [3][-]{subsubsection.3.1.1}{Ecrire}{subsection.3.1}% 5
\BOOKMARK [3][-]{subsubsection.3.1.2}{Reproduire un r\351sultat existant}{subsection.3.1}% 6
\BOOKMARK [2][-]{subsection.3.2}{Recherche \340 deux}{section.3}% 7
\BOOKMARK [2][-]{subsection.3.3}{Tirer sur un fil}{section.3}% 8
\BOOKMARK [2][-]{subsection.3.4}{Eureka}{section.3}% 9
\BOOKMARK [2][-]{subsection.3.5}{La naivet\351 est un atout consid\351rable}{section.3}% 10
\BOOKMARK [1][-]{section.4}{Avoir tout en t\352te}{}% 11
\BOOKMARK [1][-]{section.5}{Entousiasme concentration en bien \352tre}{}% 12
\BOOKMARK [1][-]{section.6}{Questions exp\351rimentales}{}% 13
\BOOKMARK [1][-]{section.7}{Questions th\351oriques}{}% 14
\BOOKMARK [1][-]{section.8}{La bibliographie}{}% 15
\BOOKMARK [1][-]{section.9}{Syst\350me de r\351compense}{}% 16
\BOOKMARK [1][-]{section.10}{Economie de la recherche}{}% 17
\BOOKMARK [2][-]{subsection.10.1}{Le laboratoire}{section.10}% 18
\BOOKMARK [3][-]{subsubsection.10.1.1}{Le chef de laboratoire}{subsection.10.1}% 19
\BOOKMARK [3][-]{subsubsection.10.1.2}{Les \351tudiants et les postdocs}{subsection.10.1}% 20
\BOOKMARK [2][-]{subsection.10.2}{Structures de recherche : les instituts de recherche, les universit\351s et les organismes de recherche}{section.10}% 21
\BOOKMARK [2][-]{subsection.10.3}{Les financements}{section.10}% 22
\BOOKMARK [2][-]{subsection.10.4}{Les revues de recherche}{section.10}% 23
\BOOKMARK [2][-]{subsection.10.5}{Les conf\351rences}{section.10}% 24
\BOOKMARK [1][-]{section.11}{Conclusion}{}% 25
