\BOOKMARK [1][-]{section.1}{Introduction}{}% 1
\BOOKMARK [1][-]{section.2}{Understanding the subject}{}% 2
\BOOKMARK [1][-]{section.3}{Data overview}{}% 3
\BOOKMARK [2][-]{subsection.3.1}{Numerical data vs numerical data}{section.3}% 4
\BOOKMARK [2][-]{subsection.3.2}{Numerical data vs discrete data}{section.3}% 5
\BOOKMARK [2][-]{subsection.3.3}{Discrete data vs discrete data}{section.3}% 6
\BOOKMARK [1][-]{section.4}{Data cleaning}{}% 7
\BOOKMARK [2][-]{subsection.4.1}{Missing values}{section.4}% 8
\BOOKMARK [2][-]{subsection.4.2}{Repeated values}{section.4}% 9
\BOOKMARK [2][-]{subsection.4.3}{Removing outliers}{section.4}% 10
\BOOKMARK [1][-]{section.5}{Baseline models}{}% 11
\BOOKMARK [1][-]{section.6}{Crossvalidation}{}% 12
\BOOKMARK [1][-]{section.7}{Combining models to improve accuracy}{}% 13
\BOOKMARK [1][-]{section.8}{Data leakage}{}% 14
\BOOKMARK [1][-]{section.9}{Grid search on models}{}% 15
\BOOKMARK [2][-]{subsection.9.1}{Classification Models}{section.9}% 16
\BOOKMARK [3][-]{subsubsection.9.1.1}{Logistic regression}{subsection.9.1}% 17
\BOOKMARK [3][-]{subsubsection.9.1.2}{Random forest classification}{subsection.9.1}% 18
\BOOKMARK [3][-]{subsubsection.9.1.3}{Support vector machine \(SVM\)}{subsection.9.1}% 19
\BOOKMARK [3][-]{subsubsection.9.1.4}{Gradient Boosting machine \(GBM\)}{subsection.9.1}% 20
\BOOKMARK [3][-]{subsubsection.9.1.5}{XGB Classifier}{subsection.9.1}% 21
\BOOKMARK [2][-]{subsection.9.2}{Regression models}{section.9}% 22
\BOOKMARK [3][-]{subsubsection.9.2.1}{Lasso \(L1\)}{subsection.9.2}% 23
\BOOKMARK [3][-]{subsubsection.9.2.2}{Random forest regressor}{subsection.9.2}% 24
\BOOKMARK [2][-]{subsection.9.3}{Evaluation metrics}{section.9}% 25
\BOOKMARK [3][-]{subsubsection.9.3.1}{Classification metrics}{subsection.9.3}% 26
\BOOKMARK [3][-]{subsubsection.9.3.2}{Regression metrics}{subsection.9.3}% 27
\BOOKMARK [2][-]{subsection.9.4}{Feature importance}{section.9}% 28
\BOOKMARK [1][-]{section.10}{AutoML}{}% 29
\BOOKMARK [1][-]{section.11}{Industrialization}{}% 30
\BOOKMARK [2][-]{subsection.11.1}{Methodology}{section.11}% 31
\BOOKMARK [2][-]{subsection.11.2}{Create a simple API rest for a machine learning model}{section.11}% 32
\BOOKMARK [3][-]{subsubsection.11.2.1}{Development phase: off-line model creation}{subsection.11.2}% 33
\BOOKMARK [3][-]{subsubsection.11.2.2}{app.py: creation of a endpoint called '/predict'}{subsection.11.2}% 34
\BOOKMARK [3][-]{subsubsection.11.2.3}{Server launch}{subsection.11.2}% 35
\BOOKMARK [3][-]{subsubsection.11.2.4}{Request creation}{subsection.11.2}% 36
\BOOKMARK [1][-]{section.12}{Appendix: useful commands}{}% 37
\BOOKMARK [2][-]{subsection.12.1}{Usual imports}{section.12}% 38
\BOOKMARK [2][-]{subsection.12.2}{File loading}{section.12}% 39
\BOOKMARK [2][-]{subsection.12.3}{Data frame concatenation}{section.12}% 40
\BOOKMARK [2][-]{subsection.12.4}{Exporting dataframe to csv}{section.12}% 41
